# JRE version: Java(TM) SE Runtime Environment (8.0_131-b11) (build 1.8.0_131-b11)
# Java VM: Java HotSpot(TM) 64-Bit Server VM (25.131-b11 mixed mode windows-amd64 compressed oops)
Heap:
 PSYoungGen      total 229376K, used 12251K [0x00000000d5e00000, 0x00000000e8580000, 0x0000000100000000)
  eden space 206848K, 5% used [0x00000000d5e00000,0x00000000d69f6f98,0x00000000e2800000)
  from space 22528K, 0% used [0x00000000e2800000,0x00000000e2800000,0x00000000e3e00000)
  to   space 21504K, 0% used [0x00000000e7080000,0x00000000e7080000,0x00000000e8580000)
 ParOldGen       total 118272K, used 21711K [0x0000000081a00000, 0x0000000088d80000, 0x00000000d5e00000)
  object space 118272K, 18% used [0x0000000081a00000,0x0000000082f33d68,0x0000000088d80000)
 Metaspace       used 58078K, capacity 58578K, committed 59352K, reserved 1101824K
  class space    used 7430K, capacity 7542K, committed 7680K, reserved 1048576K
GC Heap History (10 events):
Event: 20.347 GC heap before
{Heap before GC invocations=12 (full 2):
 PSYoungGen      total 177152K, used 16007K [0x00000000d5e00000, 0x00000000e3000000, 0x0000000100000000)
  eden space 159232K, 0% used [0x00000000d5e00000,0x00000000d5e00000,0x00000000df980000)
  from space 17920K, 89% used [0x00000000e0c80000,0x00000000e1c21dd8,0x00000000e1e00000)
  to   space 19456K, 0% used [0x00000000df980000,0x00000000df980000,0x00000000e0c80000)
 ParOldGen       total 62976K, used 18334K [0x0000000081a00000, 0x0000000085780000, 0x00000000d5e00000)
  object space 62976K, 29% used [0x0000000081a00000,0x0000000082be7b70,0x0000000085780000)
 Metaspace       used 34838K, capacity 35244K, committed 35456K, reserved 1081344K
  class space    used 4254K, capacity 4393K, committed 4480K, reserved 1048576K
Event: 20.526 GC heap after
Heap after GC invocations=12 (full 2):
 PSYoungGen      total 177152K, used 0K [0x00000000d5e00000, 0x00000000e3000000, 0x0000000100000000)
  eden space 159232K, 0% used [0x00000000d5e00000,0x00000000d5e00000,0x00000000df980000)
  from space 17920K, 0% used [0x00000000e0c80000,0x00000000e0c80000,0x00000000e1e00000)
  to   space 19456K, 0% used [0x00000000df980000,0x00000000df980000,0x00000000e0c80000)
 ParOldGen       total 97280K, used 20879K [0x0000000081a00000, 0x0000000087900000, 0x00000000d5e00000)
  object space 97280K, 21% used [0x0000000081a00000,0x0000000082e63d08,0x0000000087900000)
 Metaspace       used 34838K, capacity 35244K, committed 35456K, reserved 1081344K
  class space    used 4254K, capacity 4393K, committed 4480K, reserved 1048576K
}
Event: 32.536 GC heap before
{Heap before GC invocations=13 (full 2):
 PSYoungGen      total 177152K, used 159232K [0x00000000d5e00000, 0x00000000e3000000, 0x0000000100000000)
  eden space 159232K, 100% used [0x00000000d5e00000,0x00000000df980000,0x00000000df980000)
  from space 17920K, 0% used [0x00000000e0c80000,0x00000000e0c80000,0x00000000e1e00000)
  to   space 19456K, 0% used [0x00000000df980000,0x00000000df980000,0x00000000e0c80000)
 ParOldGen       total 97280K, used 20879K [0x0000000081a00000, 0x0000000087900000, 0x00000000d5e00000)
  object space 97280K, 21% used [0x0000000081a00000,0x0000000082e63d08,0x0000000087900000)
 Metaspace       used 51519K, capacity 52100K, committed 52352K, reserved 1095680K
  class space    used 6621K, capacity 6781K, committed 6784K, reserved 1048576K
Event: 32.659 GC heap after
Heap after GC invocations=13 (full 2):
 PSYoungGen      total 178688K, used 19172K [0x00000000d5e00000, 0x00000000e5980000, 0x0000000100000000)
  eden space 159232K, 0% used [0x00000000d5e00000,0x00000000d5e00000,0x00000000df980000)
  from space 19456K, 98% used [0x00000000df980000,0x00000000e0c39328,0x00000000e0c80000)
  to   space 22016K, 0% used [0x00000000e4400000,0x00000000e4400000,0x00000000e5980000)
 ParOldGen       total 97280K, used 20887K [0x0000000081a00000, 0x0000000087900000, 0x00000000d5e00000)
  object space 97280K, 21% used [0x0000000081a00000,0x0000000082e65d08,0x0000000087900000)
 Metaspace       used 51519K, capacity 52100K, committed 52352K, reserved 1095680K
  class space    used 6621K, capacity 6781K, committed 6784K, reserved 1048576K
}
Event: 2041.531 GC heap before
{Heap before GC invocations=14 (full 2):
 PSYoungGen      total 178688K, used 178404K [0x00000000d5e00000, 0x00000000e5980000, 0x0000000100000000)
  eden space 159232K, 100% used [0x00000000d5e00000,0x00000000df980000,0x00000000df980000)
  from space 19456K, 98% used [0x00000000df980000,0x00000000e0c39328,0x00000000e0c80000)
  to   space 22016K, 0% used [0x00000000e4400000,0x00000000e4400000,0x00000000e5980000)
 ParOldGen       total 97280K, used 20887K [0x0000000081a00000, 0x0000000087900000, 0x00000000d5e00000)
  object space 97280K, 21% used [0x0000000081a00000,0x0000000082e65d08,0x0000000087900000)
 Metaspace       used 58153K, capacity 58828K, committed 59096K, reserved 1101824K
  class space    used 7447K, capacity 7610K, committed 7680K, reserved 1048576K
Event: 2041.556 GC heap after
Heap after GC invocations=14 (full 2):
 PSYoungGen      total 223232K, used 15662K [0x00000000d5e00000, 0x00000000e5400000, 0x0000000100000000)
  eden space 206848K, 0% used [0x00000000d5e00000,0x00000000d5e00000,0x00000000e2800000)
  from space 16384K, 95% used [0x00000000e4400000,0x00000000e534b9e8,0x00000000e5400000)
  to   space 22528K, 0% used [0x00000000e2800000,0x00000000e2800000,0x00000000e3e00000)
 ParOldGen       total 97280K, used 20895K [0x0000000081a00000, 0x0000000087900000, 0x00000000d5e00000)
  object space 97280K, 21% used [0x0000000081a00000,0x0000000082e67d08,0x0000000087900000)
 Metaspace       used 58153K, capacity 58828K, committed 59096K, reserved 1101824K
  class space    used 7447K, capacity 7610K, committed 7680K, reserved 1048576K
}
Event: 3005.550 GC heap before
{Heap before GC invocations=15 (full 2):
 PSYoungGen      total 223232K, used 30095K [0x00000000d5e00000, 0x00000000e5400000, 0x0000000100000000)
  eden space 206848K, 6% used [0x00000000d5e00000,0x00000000d6c184c0,0x00000000e2800000)
  from space 16384K, 95% used [0x00000000e4400000,0x00000000e534b9e8,0x00000000e5400000)
  to   space 22528K, 0% used [0x00000000e2800000,0x00000000e2800000,0x00000000e3e00000)
 ParOldGen       total 97280K, used 20895K [0x0000000081a00000, 0x0000000087900000, 0x00000000d5e00000)
  object space 97280K, 21% used [0x0000000081a00000,0x0000000082e67d08,0x0000000087900000)
 Metaspace       used 58230K, capacity 58832K, committed 59096K, reserved 1101824K
  class space    used 7456K, capacity 7610K, committed 7680K, reserved 1048576K
Event: 3005.580 GC heap after
Heap after GC invocations=15 (full 2):
 PSYoungGen      total 229376K, used 10424K [0x00000000d5e00000, 0x00000000e8580000, 0x0000000100000000)
  eden space 206848K, 0% used [0x00000000d5e00000,0x00000000d5e00000,0x00000000e2800000)
  from space 22528K, 46% used [0x00000000e2800000,0x00000000e322e0c0,0x00000000e3e00000)
  to   space 21504K, 0% used [0x00000000e7080000,0x00000000e7080000,0x00000000e8580000)
 ParOldGen       total 97280K, used 20903K [0x0000000081a00000, 0x0000000087900000, 0x00000000d5e00000)
  object space 97280K, 21% used [0x0000000081a00000,0x0000000082e69d08,0x0000000087900000)
 Metaspace       used 58230K, capacity 58832K, committed 59096K, reserved 1101824K
  class space    used 7456K, capacity 7610K, committed 7680K, reserved 1048576K
}
Event: 3005.580 GC heap before
{Heap before GC invocations=16 (full 3):
 PSYoungGen      total 229376K, used 10424K [0x00000000d5e00000, 0x00000000e8580000, 0x0000000100000000)
  eden space 206848K, 0% used [0x00000000d5e00000,0x00000000d5e00000,0x00000000e2800000)
  from space 22528K, 46% used [0x00000000e2800000,0x00000000e322e0c0,0x00000000e3e00000)
  to   space 21504K, 0% used [0x00000000e7080000,0x00000000e7080000,0x00000000e8580000)
 ParOldGen       total 97280K, used 20903K [0x0000000081a00000, 0x0000000087900000, 0x00000000d5e00000)
  object space 97280K, 21% used [0x0000000081a00000,0x0000000082e69d08,0x0000000087900000)
 Metaspace       used 58230K, capacity 58832K, committed 59096K, reserved 1101824K
  class space    used 7456K, capacity 7610K, committed 7680K, reserved 1048576K
Event: 3005.938 GC heap after
Heap after GC invocations=16 (full 3):
 PSYoungGen      total 229376K, used 0K [0x00000000d5e00000, 0x00000000e8580000, 0x0000000100000000)
  eden space 206848K, 0% used [0x00000000d5e00000,0x00000000d5e00000,0x00000000e2800000)
  from space 22528K, 0% used [0x00000000e2800000,0x00000000e2800000,0x00000000e3e00000)
  to   space 21504K, 0% used [0x00000000e7080000,0x00000000e7080000,0x00000000e8580000)
 ParOldGen       total 118272K, used 21711K [0x0000000081a00000, 0x0000000088d80000, 0x00000000d5e00000)
  object space 118272K, 18% used [0x0000000081a00000,0x0000000082f33d68,0x0000000088d80000)
 Metaspace       used 57988K, capacity 58438K, committed 59096K, reserved 1101824K
  class space    used 7417K, capacity 7539K, committed 7680K, reserved 1048576K
}

